#
# There is insufficient memory for the Java Runtime Environment to continue.
# Native memory allocation (malloc) failed to allocate 32744 bytes for ChunkPool::allocate
# Possible reasons:
#   The system is out of physical RAM or swap space
#   In 32 bit mode, the process size limit was hit
# Possible solutions:
#   Reduce memory load on the system
#   Increase physical memory or swap space
#   Check if swap backing store is full
#   Use 64 bit Java on a 64 bit OS
#   Decrease Java heap size (-Xmx/-Xms)
#   Decrease number of Java threads
#   Decrease Java thread stack sizes (-Xss)
#   Set larger code cache with -XX:ReservedCodeCacheSize=
# This output file may be truncated or incomplete.
#
#  Out of Memory Error (allocation.cpp:273), pid=3288, tid=0x0000000000000e54
#
# JRE version: OpenJDK Runtime Environment (8.0_152-b01) (build 1.8.0_152-release-1343-b01)
# Java VM: OpenJDK 64-Bit Server VM (25.152-b01 mixed mode windows-amd64 compressed oops)
# Failed to write core dump. Minidumps are not enabled by default on client versions of Windows
#

---------------  T H R E A D  ---------------

Current thread (0x0000000017d88800):  JavaThread "C2 CompilerThread0" daemon [_thread_in_native, id=3668, stack(0x00000000193d0000,0x00000000194d0000)]

Stack: [0x00000000193d0000,0x00000000194d0000]
[error occurred during error reporting (printing stack bounds), id 0xc0000005]

Native frames: (J=compiled Java code, j=interpreted, Vv=VM code, C=native code)


Current CompileTask:
C2:  37024 11203       4       com.android.tools.r8.C.a.a.f::a (6058 bytes)


---------------  P R O C E S S  ---------------

Java Threads: ( => current thread )
  0x00000000198ab800 JavaThread "stdout" [_thread_in_native, id=7292, stack(0x000000002c9a0000,0x000000002caa0000)]
  0x00000000198a4000 JavaThread "stderr" [_thread_in_native, id=12760, stack(0x000000002c8a0000,0x000000002c9a0000)]
  0x00000000198aa800 JavaThread "pool-4-thread-1" [_thread_blocked, id=4604, stack(0x000000002b350000,0x000000002b450000)]
  0x00000000198a9000 JavaThread "WorkerExecutor Queue" [_thread_blocked, id=17740, stack(0x000000002b250000,0x000000002b350000)]
  0x00000000198a4800 JavaThread "Cache worker for execution history cache (C:\FoodStudio\.gradle\6.7.1\executionHistory)" [_thread_blocked, id=2924, stack(0x000000002af50000,0x000000002b050000)]
  0x00000000198aa000 JavaThread "Execution worker for ':' Thread 3" [_thread_blocked, id=15576, stack(0x000000002ae50000,0x000000002af50000)]
  0x00000000198a1800 JavaThread "Execution worker for ':' Thread 2" [_thread_blocked, id=15820, stack(0x000000002ad50000,0x000000002ae50000)]
  0x00000000198a7800 JavaThread "Execution worker for ':'" [_thread_blocked, id=14908, stack(0x000000002ac50000,0x000000002ad50000)]
  0x00000000198a1000 JavaThread "build event listener" [_thread_blocked, id=11976, stack(0x000000002a0c0000,0x000000002a1c0000)]
  0x00000000198a2800 JavaThread "Memory manager" [_thread_blocked, id=416, stack(0x00000000298e0000,0x00000000299e0000)]
  0x000000001a8b6000 JavaThread "jar transforms Thread 97" [_thread_blocked, id=10012, stack(0x0000000028fe0000,0x00000000290e0000)]
  0x000000001a8b3800 JavaThread "jar transforms Thread 96" [_thread_blocked, id=17264, stack(0x0000000028ee0000,0x0000000028fe0000)]
  0x000000001a8b7800 JavaThread "jar transforms Thread 95" [_thread_blocked, id=1352, stack(0x0000000028de0000,0x0000000028ee0000)]
  0x000000001a8b5000 JavaThread "jar transforms Thread 94" [_thread_blocked, id=8920, stack(0x0000000028ce0000,0x0000000028de0000)]
  0x000000001a8b4800 JavaThread "jar transforms Thread 93" [_thread_blocked, id=10844, stack(0x0000000028be0000,0x0000000028ce0000)]
  0x000000001a8b6800 JavaThread "jar transforms Thread 92" [_thread_blocked, id=1832, stack(0x0000000028ae0000,0x0000000028be0000)]
  0x000000001a8ac800 JavaThread "jar transforms Thread 91" [_thread_blocked, id=13840, stack(0x00000000289e0000,0x0000000028ae0000)]
  0x000000001a8b3000 JavaThread "jar transforms Thread 90" [_thread_blocked, id=15460, stack(0x00000000288e0000,0x00000000289e0000)]
  0x000000001a8b1800 JavaThread "jar transforms Thread 89" [_thread_blocked, id=16472, stack(0x00000000287e0000,0x00000000288e0000)]
  0x000000001a8a9800 JavaThread "jar transforms Thread 88" [_thread_blocked, id=14164, stack(0x00000000286e0000,0x00000000287e0000)]
  0x000000001a8ac000 JavaThread "jar transforms Thread 87" [_thread_blocked, id=14680, stack(0x00000000285e0000,0x00000000286e0000)]
  0x000000001a8b0800 JavaThread "jar transforms Thread 86" [_thread_blocked, id=7388, stack(0x00000000284e0000,0x00000000285e0000)]
  0x000000001a8a9000 JavaThread "jar transforms Thread 85" [_thread_blocked, id=6624, stack(0x00000000283e0000,0x00000000284e0000)]
  0x000000001a8ae000 JavaThread "jar transforms Thread 84" [_thread_blocked, id=12140, stack(0x00000000282e0000,0x00000000283e0000)]
  0x000000001a8b0000 JavaThread "jar transforms Thread 83" [_thread_blocked, id=11180, stack(0x00000000281e0000,0x00000000282e0000)]
  0x000000001a8ab000 JavaThread "jar transforms Thread 82" [_thread_blocked, id=3540, stack(0x00000000280e0000,0x00000000281e0000)]
  0x000000001a8aa800 JavaThread "jar transforms Thread 81" [_thread_blocked, id=14952, stack(0x0000000027fe0000,0x00000000280e0000)]
  0x000000001a8a8000 JavaThread "jar transforms Thread 80" [_thread_blocked, id=15348, stack(0x0000000027de0000,0x0000000027ee0000)]
  0x000000001a8af000 JavaThread "jar transforms Thread 79" [_thread_blocked, id=5184, stack(0x0000000027ce0000,0x0000000027de0000)]
  0x000000001a8ad800 JavaThread "jar transforms Thread 78" [_thread_blocked, id=8768, stack(0x0000000027be0000,0x0000000027ce0000)]
  0x000000001aae3800 JavaThread "jar transforms Thread 77" [_thread_blocked, id=4652, stack(0x0000000027ae0000,0x0000000027be0000)]
  0x000000001aae2800 JavaThread "jar transforms Thread 76" [_thread_blocked, id=9408, stack(0x00000000279e0000,0x0000000027ae0000)]
  0x000000001aae2000 JavaThread "jar transforms Thread 75" [_thread_blocked, id=6456, stack(0x00000000278e0000,0x00000000279e0000)]
  0x000000001aae1000 JavaThread "jar transforms Thread 74" [_thread_blocked, id=16668, stack(0x00000000277e0000,0x00000000278e0000)]
  0x000000001aae0800 JavaThread "jar transforms Thread 73" [_thread_blocked, id=11216, stack(0x00000000276e0000,0x00000000277e0000)]
  0x000000001aae5000 JavaThread "jar transforms Thread 72" [_thread_blocked, id=8100, stack(0x00000000275e0000,0x00000000276e0000)]
  0x000000001aae4000 JavaThread "jar transforms Thread 71" [_thread_blocked, id=13636, stack(0x00000000274e0000,0x00000000275e0000)]
  0x000000001aadf800 JavaThread "jar transforms Thread 70" [_thread_blocked, id=7312, stack(0x00000000273e0000,0x00000000274e0000)]
  0x000000001aade000 JavaThread "jar transforms Thread 69" [_thread_blocked, id=17800, stack(0x00000000272e0000,0x00000000273e0000)]
  0x000000001aadf000 JavaThread "jar transforms Thread 68" [_thread_blocked, id=13396, stack(0x00000000271e0000,0x00000000272e0000)]
  0x000000001aad6800 JavaThread "jar transforms Thread 67" [_thread_blocked, id=11288, stack(0x00000000270e0000,0x00000000271e0000)]
  0x000000001aadd800 JavaThread "jar transforms Thread 66" [_thread_blocked, id=13308, stack(0x0000000026fe0000,0x00000000270e0000)]
  0x000000001aad9800 JavaThread "jar transforms Thread 65" [_thread_blocked, id=11552, stack(0x0000000026ee0000,0x0000000026fe0000)]
  0x000000001aada800 JavaThread "jar transforms Thread 64" [_thread_blocked, id=17200, stack(0x0000000026de0000,0x0000000026ee0000)]
  0x000000001aad6000 JavaThread "jar transforms Thread 63" [_thread_blocked, id=11124, stack(0x0000000026ce0000,0x0000000026de0000)]
  0x000000001aadc800 JavaThread "jar transforms Thread 62" [_thread_blocked, id=13676, stack(0x0000000026be0000,0x0000000026ce0000)]
  0x000000001aad8000 JavaThread "jar transforms Thread 61" [_thread_blocked, id=17676, stack(0x0000000026ae0000,0x0000000026be0000)]
  0x000000001aad7800 JavaThread "jar transforms Thread 60" [_thread_blocked, id=6256, stack(0x00000000269e0000,0x0000000026ae0000)]
  0x000000001aad9000 JavaThread "jar transforms Thread 59" [_thread_blocked, id=8872, stack(0x00000000268e0000,0x00000000269e0000)]
  0x000000001aadb000 JavaThread "jar transforms Thread 58" [_thread_blocked, id=1184, stack(0x00000000267e0000,0x00000000268e0000)]
  0x000000001aadc000 JavaThread "jar transforms Thread 57" [_thread_blocked, id=10100, stack(0x00000000266e0000,0x00000000267e0000)]
  0x000000001a828000 JavaThread "jar transforms Thread 56" [_thread_blocked, id=14232, stack(0x00000000265e0000,0x00000000266e0000)]
  0x000000001a829800 JavaThread "jar transforms Thread 55" [_thread_blocked, id=17980, stack(0x00000000264e0000,0x00000000265e0000)]
  0x000000001a826800 JavaThread "jar transforms Thread 54" [_thread_blocked, id=13364, stack(0x00000000263e0000,0x00000000264e0000)]
  0x000000001a82a800 JavaThread "jar transforms Thread 53" [_thread_blocked, id=4032, stack(0x00000000262e0000,0x00000000263e0000)]
  0x000000001a829000 JavaThread "jar transforms Thread 52" [_thread_blocked, id=13016, stack(0x00000000261e0000,0x00000000262e0000)]
  0x000000001a82b000 JavaThread "jar transforms Thread 51" [_thread_blocked, id=12232, stack(0x00000000260e0000,0x00000000261e0000)]
  0x000000001a827800 JavaThread "jar transforms Thread 50" [_thread_blocked, id=6016, stack(0x0000000025fe0000,0x00000000260e0000)]
  0x000000001a81f000 JavaThread "jar transforms Thread 49" [_thread_blocked, id=3284, stack(0x0000000025ee0000,0x0000000025fe0000)]
  0x000000001a826000 JavaThread "jar transforms Thread 48" [_thread_blocked, id=14384, stack(0x0000000025de0000,0x0000000025ee0000)]
  0x000000001a825000 JavaThread "jar transforms Thread 47" [_thread_blocked, id=15892, stack(0x0000000025ce0000,0x0000000025de0000)]
  0x000000001a820800 JavaThread "jar transforms Thread 46" [_thread_blocked, id=15144, stack(0x0000000025be0000,0x0000000025ce0000)]
  0x000000001a820000 JavaThread "jar transforms Thread 45" [_thread_blocked, id=12620, stack(0x0000000025ae0000,0x0000000025be0000)]
  0x000000001a823800 JavaThread "jar transforms Thread 44" [_thread_blocked, id=5028, stack(0x00000000259e0000,0x0000000025ae0000)]
  0x000000001a81d800 JavaThread "jar transforms Thread 43" [_thread_blocked, id=10148, stack(0x00000000258e0000,0x00000000259e0000)]
  0x000000001a823000 JavaThread "jar transforms Thread 42" [_thread_blocked, id=2276, stack(0x00000000257e0000,0x00000000258e0000)]
  0x000000001a824800 JavaThread "jar transforms Thread 41" [_thread_blocked, id=6164, stack(0x00000000256e0000,0x00000000257e0000)]
  0x000000001a81e800 JavaThread "jar transforms Thread 40" [_thread_blocked, id=5040, stack(0x00000000255e0000,0x00000000256e0000)]
  0x000000001a81c000 JavaThread "jar transforms Thread 39" [_thread_blocked, id=7300, stack(0x00000000254e0000,0x00000000255e0000)]
  0x000000001a81d000 JavaThread "jar transforms Thread 38" [_thread_blocked, id=16984, stack(0x00000000253e0000,0x00000000254e0000)]
  0x000000001a822000 JavaThread "jar transforms Thread 37" [_thread_blocked, id=16212, stack(0x00000000252e0000,0x00000000253e0000)]
  0x000000001a821800 JavaThread "jar transforms Thread 36" [_thread_blocked, id=14216, stack(0x00000000251e0000,0x00000000252e0000)]
  0x000000001fe75000 JavaThread "jar transforms Thread 35" [_thread_blocked, id=11672, stack(0x00000000250e0000,0x00000000251e0000)]
  0x000000001fe73000 JavaThread "jar transforms Thread 34" [_thread_blocked, id=14824, stack(0x0000000024fe0000,0x00000000250e0000)]
  0x000000001fe70800 JavaThread "jar transforms Thread 33" [_thread_blocked, id=5160, stack(0x0000000024ee0000,0x0000000024fe0000)]
  0x000000001fe71800 JavaThread "jar transforms Thread 32" [_thread_blocked, id=18120, stack(0x0000000024de0000,0x0000000024ee0000)]
  0x000000001fe72000 JavaThread "jar transforms Thread 31" [_thread_blocked, id=17444, stack(0x0000000024ce0000,0x0000000024de0000)]
  0x000000001fe73800 JavaThread "jar transforms Thread 30" [_thread_blocked, id=15408, stack(0x0000000024be0000,0x0000000024ce0000)]
  0x000000001fe70000 JavaThread "jar transforms Thread 29" [_thread_blocked, id=15252, stack(0x0000000024ae0000,0x0000000024be0000)]
  0x000000001fe74800 JavaThread "jar transforms Thread 28" [_thread_blocked, id=13608, stack(0x00000000249e0000,0x0000000024ae0000)]
  0x000000001fe68800 JavaThread "jar transforms Thread 27" [_thread_blocked, id=14076, stack(0x00000000248e0000,0x00000000249e0000)]
  0x000000001fe6f000 JavaThread "jar transforms Thread 26" [_thread_blocked, id=17392, stack(0x00000000247e0000,0x00000000248e0000)]
  0x000000001fe6e800 JavaThread "jar transforms Thread 25" [_thread_blocked, id=18316, stack(0x00000000246e0000,0x00000000247e0000)]
  0x000000001fe67000 JavaThread "jar transforms Thread 24" [_thread_blocked, id=6368, stack(0x00000000245e0000,0x00000000246e0000)]
  0x000000001fe6a800 JavaThread "jar transforms Thread 23" [_thread_blocked, id=14928, stack(0x00000000244e0000,0x00000000245e0000)]
  0x000000001fe6b800 JavaThread "jar transforms Thread 22" [_thread_blocked, id=18344, stack(0x00000000243e0000,0x00000000244e0000)]
  0x000000001fe6d800 JavaThread "jar transforms Thread 21" [_thread_blocked, id=15100, stack(0x00000000242e0000,0x00000000243e0000)]
  0x000000001fe66000 JavaThread "jar transforms Thread 20" [_thread_blocked, id=10124, stack(0x00000000241e0000,0x00000000242e0000)]
  0x000000001fe6c000 JavaThread "jar transforms Thread 19" [_thread_blocked, id=3928, stack(0x00000000240e0000,0x00000000241e0000)]
  0x000000001fe6d000 JavaThread "jar transforms Thread 18" [_thread_blocked, id=9064, stack(0x0000000023fe0000,0x00000000240e0000)]
  0x000000001fe67800 JavaThread "jar transforms Thread 17" [_thread_blocked, id=10064, stack(0x0000000023ee0000,0x0000000023fe0000)]
  0x000000001fe6a000 JavaThread "jar transforms Thread 16" [_thread_blocked, id=12456, stack(0x0000000023de0000,0x0000000023ee0000)]
  0x000000001fe69000 JavaThread "jar transforms Thread 15" [_thread_blocked, id=15220, stack(0x0000000023ce0000,0x0000000023de0000)]
  0x000000001f0e9800 JavaThread "jar transforms Thread 14" [_thread_blocked, id=14512, stack(0x0000000023be0000,0x0000000023ce0000)]
  0x000000001f0e8800 JavaThread "jar transforms Thread 13" [_thread_blocked, id=10156, stack(0x0000000023ae0000,0x0000000023be0000)]
  0x000000001f0e8000 JavaThread "jar transforms Thread 12" [_thread_blocked, id=14732, stack(0x00000000239e0000,0x0000000023ae0000)]
  0x000000001f0e6800 JavaThread "jar transforms Thread 11" [_thread_blocked, id=16460, stack(0x00000000238e0000,0x00000000239e0000)]
  0x000000001f0ec800 JavaThread "jar transforms Thread 10" [_thread_blocked, id=16216, stack(0x00000000237e0000,0x00000000238e0000)]
  0x000000001f0e7000 JavaThread "jar transforms Thread 9" [_thread_blocked, id=2660, stack(0x00000000236e0000,0x00000000237e0000)]
  0x000000001f0ea000 JavaThread "jar transforms Thread 8" [_thread_blocked, id=6444, stack(0x00000000235e0000,0x00000000236e0000)]
  0x000000001f0eb800 JavaThread "jar transforms Thread 7" [_thread_blocked, id=18176, stack(0x00000000234e0000,0x00000000235e0000)]
  0x000000001f0eb000 JavaThread "jar transforms Thread 6" [_thread_blocked, id=12160, stack(0x00000000233e0000,0x00000000234e0000)]
  0x000000001f0df000 JavaThread "jar transforms Thread 5" [_thread_blocked, id=8664, stack(0x00000000232e0000,0x00000000233e0000)]
  0x000000001f0e5800 JavaThread "jar transforms Thread 4" [_thread_blocked, id=15456, stack(0x00000000231e0000,0x00000000232e0000)]
  0x000000001f0de000 JavaThread "jar transforms Thread 3" [_thread_blocked, id=6388, stack(0x00000000230e0000,0x00000000231e0000)]
  0x000000001f0e5000 JavaThread "jar transforms Thread 2" [_thread_blocked, id=896, stack(0x0000000022fe0000,0x00000000230e0000)]
  0x000000001f0e4000 JavaThread "Build operations Thread 4" [_thread_in_Java, id=14828, stack(0x0000000022ee0000,0x0000000022fe0000)]
  0x000000001f0e2800 JavaThread "Build operations Thread 3" [_thread_blocked, id=14508, stack(0x0000000022de0000,0x0000000022ee0000)]
  0x000000001f0e3800 JavaThread "Build operations Thread 2" [_thread_in_native, id=4732, stack(0x0000000022ce0000,0x0000000022de0000)]
  0x000000001f0e0800 JavaThread "Build operations" [_thread_in_Java, id=14720, stack(0x0000000022be0000,0x0000000022ce0000)]
  0x000000001f0dd800 JavaThread "Cache worker for Build Output Cleanup Cache (C:\FoodStudio\.gradle\buildOutputCleanup)" [_thread_blocked, id=9528, stack(0x00000000228e0000,0x00000000229e0000)]
  0x000000001b9ac800 JavaThread "Cache worker for file content cache (C:\Users\Kush\.gradle\caches\6.7.1\fileContent)" [_thread_blocked, id=12284, stack(0x00000000221e0000,0x00000000222e0000)]
  0x000000001b9ad800 JavaThread "jar transforms" [_thread_blocked, id=16204, stack(0x00000000220e0000,0x00000000221e0000)]
  0x000000001b9b3800 JavaThread "Cache worker for execution history cache (C:\Users\Kush\.gradle\caches\6.7.1\executionHistory)" [_thread_blocked, id=8068, stack(0x00000000219e0000,0x0000000021ae0000)]
  0x000000001b9ae000 JavaThread "Cache worker for cache directory md-rule (C:\Users\Kush\.gradle\caches\6.7.1\md-rule)" [_thread_blocked, id=17076, stack(0x00000000218e0000,0x00000000219e0000)]
  0x000000001b9b0800 JavaThread "Cache worker for cache directory md-supplier (C:\Users\Kush\.gradle\caches\6.7.1\md-supplier)" [_thread_blocked, id=12784, stack(0x0000000020720000,0x0000000020820000)]
  0x000000001b9af000 JavaThread "Cache worker for checksums cache (C:\FoodStudio\.gradle\checksums)" [_thread_blocked, id=13892, stack(0x0000000020390000,0x0000000020490000)]
  0x000000001b9b2000 JavaThread "Cache worker for file hash cache (C:\FoodStudio\.gradle\6.7.1\fileHashes)" [_thread_blocked, id=18024, stack(0x0000000020090000,0x0000000020190000)]
  0x000000001b9af800 JavaThread "Cache worker for journal cache (C:\Users\Kush\.gradle\caches\journal-1)" [_thread_blocked, id=9932, stack(0x000000001ddf0000,0x000000001def0000)]
  0x000000001b9b2800 JavaThread "File lock request listener" [_thread_in_native, id=17904, stack(0x000000001dcf0000,0x000000001ddf0000)]
  0x000000001b995800 JavaThread "Cache worker for file hash cache (C:\Users\Kush\.gradle\caches\6.7.1\fileHashes)" [_thread_blocked, id=11252, stack(0x000000001daf0000,0x000000001dbf0000)]
  0x000000001b894800 JavaThread "Thread-9" [_thread_blocked, id=10284, stack(0x000000001d7f0000,0x000000001d8f0000)]
  0x000000001b471000 JavaThread "Stdin handler" [_thread_blocked, id=17872, stack(0x000000001d6f0000,0x000000001d7f0000)]
  0x000000001b470000 JavaThread "Asynchronous log dispatcher for DefaultDaemonConnection: socket connection from /127.0.0.1:57321 to /127.0.0.1:57322" [_thread_blocked, id=8480, stack(0x000000001d5f0000,0x000000001d6f0000)]
  0x000000001b46d800 JavaThread "Daemon worker" [_thread_blocked, id=12380, stack(0x000000001d4f0000,0x000000001d5f0000)]
  0x000000001b499000 JavaThread "Cancel handler" [_thread_blocked, id=16956, stack(0x000000001d3f0000,0x000000001d4f0000)]
  0x000000001b814000 JavaThread "Handler for socket connection from /127.0.0.1:57321 to /127.0.0.1:57322" [_thread_in_native, id=6916, stack(0x000000001d0f0000,0x000000001d1f0000)]
  0x000000001b45a800 JavaThread "Daemon periodic checks" [_thread_blocked, id=9320, stack(0x000000001cff0000,0x000000001d0f0000)]
  0x000000001b45b800 JavaThread "Daemon" [_thread_blocked, id=17144, stack(0x000000001cef0000,0x000000001cff0000)]
  0x000000001b7c9000 JavaThread "Incoming local TCP Connector on port 57321" [_thread_in_native, id=9508, stack(0x000000001ccb0000,0x000000001cdb0000)]
  0x000000001b44b800 JavaThread "Daemon health stats" [_thread_blocked, id=5744, stack(0x000000001b4a0000,0x000000001b5a0000)]
  0x00000000196eb000 JavaThread "Service Thread" daemon [_thread_blocked, id=6984, stack(0x0000000019ad0000,0x0000000019bd0000)]
  0x0000000017d84800 JavaThread "C1 CompilerThread2" daemon [_thread_in_native, id=16504, stack(0x00000000195d0000,0x00000000196d0000)]
  0x0000000017d7d000 JavaThread "C2 CompilerThread1" daemon [_thread_in_native, id=6136, stack(0x00000000194d0000,0x00000000195d0000)]
=>0x0000000017d88800 JavaThread "C2 CompilerThread0" daemon [_thread_in_native, id=3668, stack(0x00000000193d0000,0x00000000194d0000)]
  0x0000000017d87000 JavaThread "Attach Listener" daemon [_thread_blocked, id=2032, stack(0x00000000192d0000,0x00000000193d0000)]
  0x0000000017d85800 JavaThread "Signal Dispatcher" daemon [_thread_blocked, id=16072, stack(0x00000000191d0000,0x00000000192d0000)]
  0x000000000315c000 JavaThread "Finalizer" daemon [_thread_blocked, id=18388, stack(0x0000000018fd0000,0x00000000190d0000)]
  0x0000000003151000 JavaThread "Reference Handler" daemon [_thread_blocked, id=17008, stack(0x0000000018ed0000,0x0000000018fd0000)]
  0x0000000003062800 JavaThread "main" [_thread_blocked, id=15352, stack(0x0000000002ed0000,0x0000000002fd0000)]

Other Threads:
  0x0000000017d46800 VMThread [stack: 0x0000000018dd0000,0x0000000018ed0000] [id=10856]
  0x00000000196f3800 WatcherThread [stack: 0x0000000019bd0000,0x0000000019cd0000] [id=13912]

VM state:not at safepoint (normal execution)

VM Mutex/Monitor currently owned by a thread: None

Heap:
 PSYoungGen      total 231936K, used 96901K [0x00000000d5580000, 0x00000000e8280000, 0x0000000100000000)
  eden space 208896K, 46% used [0x00000000d5580000,0x00000000db421740,0x00000000e2180000)
  from space 23040K, 0% used [0x00000000e4700000,0x00000000e4700000,0x00000000e5d80000)
  to   space 38400K, 0% used [0x00000000e2180000,0x00000000e2180000,0x00000000e4700000)
 ParOldGen       total 151040K, used 79781K [0x0000000080000000, 0x0000000089380000, 0x00000000d5580000)
  object space 151040K, 52% used [0x0000000080000000,0x0000000084de9450,0x0000000089380000)
 Metaspace       used 80160K, capacity 84082K, committed 84224K, reserved 1122304K
  class space    used 10989K, capacity 11774K, committed 11776K, reserved 1048576K

Card table byte_map: [0x0000000012520000,0x0000000012930000] byte_map_base: 0x0000000012120000

Marking Bits: (ParMarkBitMap*) 0x0000000051565aa0
 Begin Bits: [0x0000000012fe0000, 0x0000000014fe0000)
 End Bits:   [0x0000000014fe0000, 0x0000000016fe0000)

Polling page: 0x0000000001190000

CodeCache: size=245760Kb used=32120Kb max_used=32215Kb free=213639Kb
 bounds [0x0000000003160000, 0x0000000005110000, 0x0000000012160000]
 total_blobs=10905 nmethods=10082 adapters=732
 compilation: enabled

Compilation events (10 events):
Event: 37.006 Thread 0x0000000017d84800 nmethod 11458 0x0000000003d29390 code [0x0000000003d294e0, 0x0000000003d29670]
Event: 37.006 Thread 0x0000000017d84800 11455       2       com.android.tools.r8.ir.conversion.S::a (51 bytes)
Event: 37.006 Thread 0x0000000017d84800 nmethod 11455 0x0000000003790b90 code [0x0000000003790d00, 0x0000000003790f28]
Event: 37.006 Thread 0x0000000017d84800 11461       2       com.android.tools.r8.ir.regalloc.b::i (37 bytes)
Event: 37.007 Thread 0x0000000017d84800 nmethod 11461 0x0000000003790850 code [0x00000000037909a0, 0x0000000003790af0]
Event: 37.007 Thread 0x0000000017d84800 11462       2       com.android.tools.r8.w.a.a.a.h.f0::put (278 bytes)
Event: 37.008 Thread 0x0000000017d84800 nmethod 11462 0x00000000032e2950 code [0x00000000032e2b40, 0x00000000032e31e8]
Event: 37.008 Thread 0x0000000017d84800 11463       2       com.android.tools.r8.w.a.a.a.h.Z0::f (191 bytes)
Event: 37.008 Thread 0x0000000017d84800 nmethod 11463 0x0000000003d941d0 code [0x0000000003d943c0, 0x0000000003d94ad8]
Event: 37.008 Thread 0x0000000017d84800 11465   !   2       com.android.tools.r8.ir.optimize.m::a (1165 bytes)

GC Heap History (10 events):
Event: 23.277 GC heap before
{Heap before GC invocations=18 (full 3):
 PSYoungGen      total 164352K, used 13295K [0x00000000d5580000, 0x00000000e3a00000, 0x0000000100000000)
  eden space 151040K, 0% used [0x00000000d5580000,0x00000000d5580000,0x00000000de900000)
  from space 13312K, 99% used [0x00000000de900000,0x00000000df5fbd60,0x00000000df600000)
  to   space 17920K, 0% used [0x00000000e2880000,0x00000000e2880000,0x00000000e3a00000)
 ParOldGen       total 47616K, used 27970K [0x0000000080000000, 0x0000000082e80000, 0x00000000d5580000)
  object space 47616K, 58% used [0x0000000080000000,0x0000000081b50a08,0x0000000082e80000)
 Metaspace       used 56716K, capacity 58988K, committed 59096K, reserved 1099776K
  class space    used 7801K, capacity 8215K, committed 8320K, reserved 1048576K
Event: 23.518 GC heap after
Heap after GC invocations=18 (full 3):
 PSYoungGen      total 164352K, used 0K [0x00000000d5580000, 0x00000000e3a00000, 0x0000000100000000)
  eden space 151040K, 0% used [0x00000000d5580000,0x00000000d5580000,0x00000000de900000)
  from space 13312K, 0% used [0x00000000de900000,0x00000000de900000,0x00000000df600000)
  to   space 17920K, 0% used [0x00000000e2880000,0x00000000e2880000,0x00000000e3a00000)
 ParOldGen       total 83456K, used 35590K [0x0000000080000000, 0x0000000085180000, 0x00000000d5580000)
  object space 83456K, 42% used [0x0000000080000000,0x00000000822c1910,0x0000000085180000)
 Metaspace       used 56700K, capacity 58934K, committed 59096K, reserved 1099776K
  class space    used 7796K, capacity 8206K, committed 8320K, reserved 1048576K
}
Event: 28.482 GC heap before
{Heap before GC invocations=19 (full 3):
 PSYoungGen      total 164352K, used 151040K [0x00000000d5580000, 0x00000000e3a00000, 0x0000000100000000)
  eden space 151040K, 100% used [0x00000000d5580000,0x00000000de900000,0x00000000de900000)
  from space 13312K, 0% used [0x00000000de900000,0x00000000de900000,0x00000000df600000)
  to   space 17920K, 0% used [0x00000000e2880000,0x00000000e2880000,0x00000000e3a00000)
 ParOldGen       total 83456K, used 35590K [0x0000000080000000, 0x0000000085180000, 0x00000000d5580000)
  object space 83456K, 42% used [0x0000000080000000,0x00000000822c1910,0x0000000085180000)
 Metaspace       used 63969K, capacity 66738K, committed 66944K, reserved 1107968K
  class space    used 8772K, capacity 9284K, committed 9344K, reserved 1048576K
Event: 28.498 GC heap after
Heap after GC invocations=19 (full 3):
 PSYoungGen      total 204800K, used 12724K [0x00000000d5580000, 0x00000000e3580000, 0x0000000100000000)
  eden space 191488K, 0% used [0x00000000d5580000,0x00000000d5580000,0x00000000e1080000)
  from space 13312K, 95% used [0x00000000e2880000,0x00000000e34ed360,0x00000000e3580000)
  to   space 18944K, 0% used [0x00000000e1080000,0x00000000e1080000,0x00000000e2300000)
 ParOldGen       total 83456K, used 35662K [0x0000000080000000, 0x0000000085180000, 0x00000000d5580000)
  object space 83456K, 42% used [0x0000000080000000,0x00000000822d3920,0x0000000085180000)
 Metaspace       used 63969K, capacity 66738K, committed 66944K, reserved 1107968K
  class space    used 8772K, capacity 9284K, committed 9344K, reserved 1048576K
}
Event: 32.026 GC heap before
{Heap before GC invocations=20 (full 3):
 PSYoungGen      total 204800K, used 204212K [0x00000000d5580000, 0x00000000e3580000, 0x0000000100000000)
  eden space 191488K, 100% used [0x00000000d5580000,0x00000000e1080000,0x00000000e1080000)
  from space 13312K, 95% used [0x00000000e2880000,0x00000000e34ed360,0x00000000e3580000)
  to   space 18944K, 0% used [0x00000000e1080000,0x00000000e1080000,0x00000000e2300000)
 ParOldGen       total 83456K, used 35662K [0x0000000080000000, 0x0000000085180000, 0x00000000d5580000)
  object space 83456K, 42% used [0x0000000080000000,0x00000000822d3920,0x0000000085180000)
 Metaspace       used 69793K, capacity 73082K, committed 73344K, reserved 1112064K
  class space    used 9521K, capacity 10108K, committed 10112K, reserved 1048576K
Event: 32.054 GC heap after
Heap after GC invocations=20 (full 3):
 PSYoungGen      total 210432K, used 18931K [0x00000000d5580000, 0x00000000e5d80000, 0x0000000100000000)
  eden space 191488K, 0% used [0x00000000d5580000,0x00000000d5580000,0x00000000e1080000)
  from space 18944K, 99% used [0x00000000e1080000,0x00000000e22fcc28,0x00000000e2300000)
  to   space 23040K, 0% used [0x00000000e4700000,0x00000000e4700000,0x00000000e5d80000)
 ParOldGen       total 83456K, used 38320K [0x0000000080000000, 0x0000000085180000, 0x00000000d5580000)
  object space 83456K, 45% used [0x0000000080000000,0x000000008256c110,0x0000000085180000)
 Metaspace       used 69793K, capacity 73082K, committed 73344K, reserved 1112064K
  class space    used 9521K, capacity 10108K, committed 10112K, reserved 1048576K
}
Event: 34.761 GC heap before
{Heap before GC invocations=21 (full 3):
 PSYoungGen      total 210432K, used 210419K [0x00000000d5580000, 0x00000000e5d80000, 0x0000000100000000)
  eden space 191488K, 100% used [0x00000000d5580000,0x00000000e1080000,0x00000000e1080000)
  from space 18944K, 99% used [0x00000000e1080000,0x00000000e22fcc28,0x00000000e2300000)
  to   space 23040K, 0% used [0x00000000e4700000,0x00000000e4700000,0x00000000e5d80000)
 ParOldGen       total 83456K, used 38320K [0x0000000080000000, 0x0000000085180000, 0x00000000d5580000)
  object space 83456K, 45% used [0x0000000080000000,0x000000008256c110,0x0000000085180000)
 Metaspace       used 75748K, capacity 79538K, committed 79616K, reserved 1118208K
  class space    used 10341K, capacity 11006K, committed 11008K, reserved 1048576K
Event: 34.844 GC heap after
Heap after GC invocations=21 (full 3):
 PSYoungGen      total 231936K, used 23017K [0x00000000d5580000, 0x00000000e8280000, 0x0000000100000000)
  eden space 208896K, 0% used [0x00000000d5580000,0x00000000d5580000,0x00000000e2180000)
  from space 23040K, 99% used [0x00000000e4700000,0x00000000e5d7a610,0x00000000e5d80000)
  to   space 38400K, 0% used [0x00000000e2180000,0x00000000e2180000,0x00000000e4700000)
 ParOldGen       total 83456K, used 69008K [0x0000000080000000, 0x0000000085180000, 0x00000000d5580000)
  object space 83456K, 82% used [0x0000000080000000,0x00000000843642b8,0x0000000085180000)
 Metaspace       used 75748K, capacity 79538K, committed 79616K, reserved 1118208K
  class space    used 10341K, capacity 11006K, committed 11008K, reserved 1048576K
}
Event: 34.844 GC heap before
{Heap before GC invocations=22 (full 4):
 PSYoungGen      total 231936K, used 23017K [0x00000000d5580000, 0x00000000e8280000, 0x0000000100000000)
  eden space 208896K, 0% used [0x00000000d5580000,0x00000000d5580000,0x00000000e2180000)
  from space 23040K, 99% used [0x00000000e4700000,0x00000000e5d7a610,0x00000000e5d80000)
  to   space 38400K, 0% used [0x00000000e2180000,0x00000000e2180000,0x00000000e4700000)
 ParOldGen       total 83456K, used 69008K [0x0000000080000000, 0x0000000085180000, 0x00000000d5580000)
  object space 83456K, 82% used [0x0000000080000000,0x00000000843642b8,0x0000000085180000)
 Metaspace       used 75748K, capacity 79538K, committed 79616K, reserved 1118208K
  class space    used 10341K, capacity 11006K, committed 11008K, reserved 1048576K
Event: 35.264 GC heap after
Heap after GC invocations=22 (full 4):
 PSYoungGen      total 231936K, used 0K [0x00000000d5580000, 0x00000000e8280000, 0x0000000100000000)
  eden space 208896K, 0% used [0x00000000d5580000,0x00000000d5580000,0x00000000e2180000)
  from space 23040K, 0% used [0x00000000e4700000,0x00000000e4700000,0x00000000e5d80000)
  to   space 38400K, 0% used [0x00000000e2180000,0x00000000e2180000,0x00000000e4700000)
 ParOldGen       total 151040K, used 79781K [0x0000000080000000, 0x0000000089380000, 0x00000000d5580000)
  object space 151040K, 52% used [0x0000000080000000,0x0000000084de9450,0x0000000089380000)
 Metaspace       used 75497K, capacity 78834K, committed 79616K, reserved 1118208K
  class space    used 10256K, capacity 10858K, committed 11008K, reserved 1048576K
}

Deoptimization events (10 events):
Event: 36.739 Thread 0x000000001f0e4000 Uncommon trap: reason=class_check action=maybe_recompile pc=0x0000000004ee0884 method=com.android.tools.r8.v.b.x1.a(Lcom/android/tools/r8/v/a/t/u;)Lcom/android/tools/r8/v/b/x1; @ 23
Event: 36.739 Thread 0x000000001f0e4000 Uncommon trap: reason=class_check action=maybe_recompile pc=0x0000000004edd338 method=com.android.tools.r8.v.b.x1.a(Lcom/android/tools/r8/v/a/t/u;)Lcom/android/tools/r8/v/b/x1; @ 23
Event: 36.739 Thread 0x000000001f0e4000 Uncommon trap: reason=class_check action=maybe_recompile pc=0x0000000004edd338 method=com.android.tools.r8.v.b.x1.a(Lcom/android/tools/r8/v/a/t/u;)Lcom/android/tools/r8/v/b/x1; @ 23
Event: 36.739 Thread 0x000000001f0e4000 Uncommon trap: reason=class_check action=maybe_recompile pc=0x0000000004edd338 method=com.android.tools.r8.v.b.x1.a(Lcom/android/tools/r8/v/a/t/u;)Lcom/android/tools/r8/v/b/x1; @ 23
Event: 36.739 Thread 0x000000001f0e4000 Uncommon trap: reason=class_check action=maybe_recompile pc=0x0000000004ee0884 method=com.android.tools.r8.v.b.x1.a(Lcom/android/tools/r8/v/a/t/u;)Lcom/android/tools/r8/v/b/x1; @ 23
Event: 36.739 Thread 0x000000001f0e4000 Uncommon trap: reason=class_check action=maybe_recompile pc=0x0000000004ed3054 method=com.android.tools.r8.v.b.x1.a(Lcom/android/tools/r8/v/a/t/u;)Lcom/android/tools/r8/v/b/x1; @ 23
Event: 36.809 Thread 0x000000001f0e3800 Uncommon trap: reason=unstable_if action=reinterpret pc=0x0000000004f76d50 method=com.android.tools.r8.ir.conversion.o.b(Lcom/android/tools/r8/r/o/D;)Z @ 18
Event: 36.998 Thread 0x000000001f0e4000 Uncommon trap: reason=unstable_if action=reinterpret pc=0x0000000004e780b4 method=com.android.tools.r8.graph.o0.c(Ljava/lang/Object;)Z @ 37
Event: 37.013 Thread 0x000000001f0e0800 Uncommon trap: reason=unstable_if action=reinterpret pc=0x0000000004210f78 method=java.util.HashMap$HashIterator.<init>(Ljava/util/HashMap;)V @ 45
Event: 37.013 Thread 0x000000001f0e0800 Uncommon trap: reason=unstable_if action=reinterpret pc=0x0000000004df6a00 method=java.util.HashMap$HashIterator.<init>(Ljava/util/HashMap;)V @ 45

Classes redefined (0 events):
No events

Internal exceptions (10 events):
Event: 32.595 Thread 0x000000001f0e4000 Exception <a 'sun/nio/fs/WindowsException'> (0x00000000d96e5908) thrown at [D:\src\AOSP-openjdk-cygwin\jdk8u\hotspot\src\share\vm\prims\jni.cpp, line 709]
Event: 33.248 Thread 0x000000001f0e3800 Exception <a 'sun/nio/fs/WindowsException'> (0x00000000dacfd878) thrown at [D:\src\AOSP-openjdk-cygwin\jdk8u\hotspot\src\share\vm\prims\jni.cpp, line 709]
Event: 33.791 Thread 0x000000001f0e0800 Exception <a 'java/lang/NoSuchMethodError': java.lang.Object.lambda$comparingInt$7b0bb60$1(Ljava/util/function/ToIntFunction;Ljava/lang/Object;Ljava/lang/Object;)I> (0x00000000db2d8c80) thrown at [D:\src\AOSP-openjdk-cygwin\jdk8u\hotspot\src\share\vm\inte
Event: 33.791 Thread 0x000000001f0e3800 Exception <a 'java/lang/NoSuchMethodError': java.lang.Object.lambda$comparingInt$7b0bb60$1(Ljava/util/function/ToIntFunction;Ljava/lang/Object;Ljava/lang/Object;)I> (0x00000000db0b9688) thrown at [D:\src\AOSP-openjdk-cygwin\jdk8u\hotspot\src\share\vm\inte
Event: 33.791 Thread 0x000000001f0e4000 Exception <a 'java/lang/NoSuchMethodError': java.lang.Object.lambda$comparingInt$7b0bb60$1(Ljava/util/function/ToIntFunction;Ljava/lang/Object;Ljava/lang/Object;)I> (0x00000000db2b10a8) thrown at [D:\src\AOSP-openjdk-cygwin\jdk8u\hotspot\src\share\vm\inte
Event: 34.538 Thread 0x000000001f0e0800 Exception <a 'java/lang/IncompatibleClassChangeError': Found class java.lang.Object, but interface was expected> (0x00000000de136f20) thrown at [D:\src\AOSP-openjdk-cygwin\jdk8u\hotspot\src\share\vm\interpreter\linkResolver.cpp, line 643]
Event: 34.538 Thread 0x000000001f0e4000 Exception <a 'java/lang/IncompatibleClassChangeError': Found class java.lang.Object, but interface was expected> (0x00000000de1b85e8) thrown at [D:\src\AOSP-openjdk-cygwin\jdk8u\hotspot\src\share\vm\interpreter\linkResolver.cpp, line 643]
Event: 35.277 Thread 0x00000000198a2800 Implicit null exception at 0x0000000004ae6f9e to 0x0000000004ae7b39
Event: 35.487 Thread 0x000000001f0e3800 Exception <a 'java/lang/NoSuchMethodError': java.lang.Object.b(Lcom/android/tools/r8/graph/Q1$b;)Lcom/android/tools/r8/graph/Q1$b;> (0x00000000d62f8588) thrown at [D:\src\AOSP-openjdk-cygwin\jdk8u\hotspot\src\share\vm\interpreter\linkResolver.cpp, line 58
Event: 35.708 Thread 0x00000000198a9000 Exception <a 'java/lang/NoSuchMethodError': java.lang.Object.lambda$negate$1(Ljava/lang/Object;)Z> (0x00000000d6bd19e0) thrown at [D:\src\AOSP-openjdk-cygwin\jdk8u\hotspot\src\share\vm\interpreter\linkResolver.cpp, line 584]

Events (10 events):
Event: 37.003 loading class com/android/tools/r8/ir/regalloc/a
Event: 37.003 loading class com/android/tools/r8/ir/regalloc/a done
Event: 37.011 Executing VM operation: ForceSafepoint
Event: 37.012 Executing VM operation: ForceSafepoint done
Event: 37.013 Thread 0x000000001f0e0800 Uncommon trap: trap_request=0xffffff65 fr.pc=0x0000000004210f78
Event: 37.013 Thread 0x000000001f0e0800 DEOPT PACKING pc=0x0000000004210f78 sp=0x0000000022cda090
Event: 37.013 Thread 0x000000001f0e0800 DEOPT UNPACKING pc=0x00000000031a557b sp=0x0000000022cd9f18 mode 2
Event: 37.013 Thread 0x000000001f0e0800 Uncommon trap: trap_request=0xffffff65 fr.pc=0x0000000004df6a00
Event: 37.013 Thread 0x000000001f0e0800 DEOPT PACKING pc=0x0000000004df6a00 sp=0x0000000022cd9fc0
Event: 37.013 Thread 0x000000001f0e0800 DEOPT UNPACKING pc=0x00000000031a557b sp=0x0000000022cd9f60 mode 2


Dynamic libraries:
0x00007ff7d7780000 - 0x00007ff7d77b1000 	C:\Program Files\Android\Android Studio\jre\bin\java.exe
0x00007ffa3ef20000 - 0x00007ffa3f110000 	C:\WINDOWS\SYSTEM32\ntdll.dll
0x00007ffa3d0d0000 - 0x00007ffa3d182000 	C:\WINDOWS\System32\KERNEL32.DLL
0x00007ffa3cad0000 - 0x00007ffa3cd75000 	C:\WINDOWS\System32\KERNELBASE.dll
0x00007ffa3d480000 - 0x00007ffa3d523000 	C:\WINDOWS\System32\ADVAPI32.dll
0x00007ffa3e3c0000 - 0x00007ffa3e45e000 	C:\WINDOWS\System32\msvcrt.dll
0x00007ffa3cfd0000 - 0x00007ffa3d067000 	C:\WINDOWS\System32\sechost.dll
0x00007ffa3e4d0000 - 0x00007ffa3e5ef000 	C:\WINDOWS\System32\RPCRT4.dll
0x00007ffa3e750000 - 0x00007ffa3e8e4000 	C:\WINDOWS\System32\USER32.dll
0x00007ffa3cfa0000 - 0x00007ffa3cfc1000 	C:\WINDOWS\System32\win32u.dll
0x00007ffa3d450000 - 0x00007ffa3d476000 	C:\WINDOWS\System32\GDI32.dll
0x00007ffa3c930000 - 0x00007ffa3cac8000 	C:\WINDOWS\System32\gdi32full.dll
0x00007ffa3bef0000 - 0x00007ffa3bf8e000 	C:\WINDOWS\System32\msvcp_win.dll
0x00007ffa3c830000 - 0x00007ffa3c92a000 	C:\WINDOWS\System32\ucrtbase.dll
0x00007ffa1b780000 - 0x00007ffa1ba04000 	C:\WINDOWS\WinSxS\amd64_microsoft.windows.common-controls_6595b64144ccf1df_6.0.18362.1556_none_9e7e372fe45e41d5\COMCTL32.dll
0x00007ffa3eb20000 - 0x00007ffa3ee56000 	C:\WINDOWS\System32\combase.dll
0x00007ffa3cd80000 - 0x00007ffa3ce01000 	C:\WINDOWS\System32\bcryptPrimitives.dll
0x00007ffa3d5b0000 - 0x00007ffa3d5de000 	C:\WINDOWS\System32\IMM32.DLL
0x0000000050cc0000 - 0x0000000050d92000 	C:\Program Files\Android\Android Studio\jre\jre\bin\msvcr100.dll
0x0000000050da0000 - 0x00000000515e1000 	C:\Program Files\Android\Android Studio\jre\jre\bin\server\jvm.dll
0x00007ffa3d5e0000 - 0x00007ffa3d5e8000 	C:\WINDOWS\System32\PSAPI.DLL
0x00007ffa361d0000 - 0x00007ffa361da000 	C:\WINDOWS\SYSTEM32\VERSION.dll
0x00007ffa37f80000 - 0x00007ffa37fa4000 	C:\WINDOWS\SYSTEM32\WINMM.dll
0x00007ffa277d0000 - 0x00007ffa277d9000 	C:\WINDOWS\SYSTEM32\WSOCK32.dll
0x00007ffa3e460000 - 0x00007ffa3e4cf000 	C:\WINDOWS\System32\WS2_32.dll
0x00007ffa37d00000 - 0x00007ffa37d2d000 	C:\WINDOWS\SYSTEM32\WINMMBASE.dll
0x00007ffa3c7c0000 - 0x00007ffa3c80a000 	C:\WINDOWS\System32\cfgmgr32.dll
0x00007ffa37880000 - 0x00007ffa3788f000 	C:\Program Files\Android\Android Studio\jre\jre\bin\verify.dll
0x00007ffa2fce0000 - 0x00007ffa2fd09000 	C:\Program Files\Android\Android Studio\jre\jre\bin\java.dll
0x00007ffa32840000 - 0x00007ffa32856000 	C:\Program Files\Android\Android Studio\jre\jre\bin\zip.dll
0x00007ffa3dcd0000 - 0x00007ffa3e3b7000 	C:\WINDOWS\System32\SHELL32.dll
0x00007ffa3d260000 - 0x00007ffa3d308000 	C:\WINDOWS\System32\shcore.dll
0x00007ffa3bf90000 - 0x00007ffa3c70b000 	C:\WINDOWS\System32\windows.storage.dll
0x00007ffa3be00000 - 0x00007ffa3be1e000 	C:\WINDOWS\System32\profapi.dll
0x00007ffa3be40000 - 0x00007ffa3be8a000 	C:\WINDOWS\System32\powrprof.dll
0x00007ffa3bdd0000 - 0x00007ffa3bde0000 	C:\WINDOWS\System32\UMPDC.dll
0x00007ffa3d070000 - 0x00007ffa3d0c2000 	C:\WINDOWS\System32\shlwapi.dll
0x00007ffa3bde0000 - 0x00007ffa3bdf1000 	C:\WINDOWS\System32\kernel.appcore.dll
0x00007ffa3c810000 - 0x00007ffa3c827000 	C:\WINDOWS\System32\cryptsp.dll
0x00007ffa2adb0000 - 0x00007ffa2adca000 	C:\Program Files\Android\Android Studio\jre\jre\bin\net.dll
0x00007ffa3b610000 - 0x00007ffa3b677000 	C:\WINDOWS\system32\mswsock.dll
0x00007ffa2ad70000 - 0x00007ffa2ad81000 	C:\Program Files\Android\Android Studio\jre\jre\bin\nio.dll
0x00007ffa18ae0000 - 0x00007ffa18b07000 	C:\Users\Kush\.gradle\native\fdc75f09e3144964f2cf3f50f0aa648679c211496f362492102eb8c894070792\windows-amd64\native-platform.dll
0x00007ffa00120000 - 0x00007ffa002b6000 	C:\Users\Kush\.gradle\native\12488b8bf47d2d4c9fbf2f6322a914ad602e24e48041cd04a747c6da556b65c4\windows-amd64\native-platform-file-events.dll
0x00007ffa34d40000 - 0x00007ffa34d4d000 	C:\Program Files\Android\Android Studio\jre\jre\bin\management.dll
0x00007ffa3b190000 - 0x00007ffa3b1c3000 	C:\WINDOWS\system32\rsaenh.dll
0x00007ffa3ce10000 - 0x00007ffa3ce36000 	C:\WINDOWS\System32\bcrypt.dll
0x00007ffa3bcc0000 - 0x00007ffa3bce5000 	C:\WINDOWS\SYSTEM32\USERENV.dll
0x00007ffa3b7e0000 - 0x00007ffa3b7ec000 	C:\WINDOWS\SYSTEM32\CRYPTBASE.dll
0x00007ffa3b320000 - 0x00007ffa3b35a000 	C:\WINDOWS\SYSTEM32\IPHLPAPI.DLL
0x00007ffa3d530000 - 0x00007ffa3d538000 	C:\WINDOWS\System32\NSI.dll
0x00007ffa35110000 - 0x00007ffa35126000 	C:\WINDOWS\SYSTEM32\dhcpcsvc6.DLL
0x00007ffa35330000 - 0x00007ffa3534c000 	C:\WINDOWS\SYSTEM32\dhcpcsvc.DLL
0x00007ffa3b3b0000 - 0x00007ffa3b47b000 	C:\WINDOWS\SYSTEM32\DNSAPI.dll
0x00007ffa35ef0000 - 0x00007ffa35efb000 	C:\WINDOWS\SYSTEM32\WINNSI.DLL

VM Arguments:
jvm_args: -Xmx2048m -Dfile.encoding=UTF-8 -Duser.country=US -Duser.language=en -Duser.variant 
java_command: org.gradle.launcher.daemon.bootstrap.GradleDaemon 6.7.1
java_class_path (initial): C:\Users\Kush\.gradle\wrapper\dists\gradle-6.7.1-bin\bwlcbys1h7rz3272sye1xwiv6\gradle-6.7.1\lib\gradle-launcher-6.7.1.jar
Launcher Type: SUN_STANDARD

Environment Variables:
JAVA_HOME=C:\Program Files\Java\jdk-11.0.11
CLASSPATH=C:\apache-tomcat-8.5.53\lib\servlet-api.jar;.
PATH=C:\Program Files\Common Files\Oracle\Java\javapath;C:\Users\Kush\Desktop\KP\bin;C:\ProgramData\Oracle\Java\javapath;C:\Program Files (x86)\Common Files\Oracle\Java\javapath;C:\Program Files (x86)\Intel\Intel(R) Management Engine Components\iCLS\;C:\Program Files\Intel\Intel(R) Management Engine Components\iCLS\;C:\WINDOWS\system32;C:\WINDOWS;C:\WINDOWS\System32\Wbem;C:\WINDOWS\System32\WindowsPowerShell\v1.0\;C:\WINDOWS\System32\OpenSSH\;C:\Program Files (x86)\Intel\Intel(R) Management Engine Components\DAL;C:\Program Files\Intel\Intel(R) Management Engine Components\DAL;C:\Program Files (x86)\Intel\Intel(R) Management Engine Components\IPT;C:\Program Files\Intel\Intel(R) Management Engine Components\IPT;C:\Program Files\Java\jdk-11.0.11\bin;C:\Program Files\Microsoft SQL Server\Client SDK\ODBC\130\Tools\Binn\;C:\Program Files (x86)\Microsoft SQL Server\140\Tools\Binn\;C:\Program Files\Microsoft SQL Server\140\Tools\Binn\;C:\Program Files\Microsoft SQL Server\140\DTS\Binn\;C:\Program Files (x86)\Microsoft SQL Server\150\DTS\Binn\;C:\Program Files\Git\cmd;C:\Program Files (x86)\apache-maven-3.6.3\bin;C:\Users\Kush\AppData\Local\Programs\Python\Python37-32\Scripts\;C:\Users\Kush\AppData\Local\Programs\Python\Python37-32\;C:\Users\Kush\AppData\Local\Microsoft\WindowsApps;C:\Users\Kush\AppData\Local\Programs\Microsoft VS Code\bin;C:\Program Files (x86)\Java\jre1.8.0_201\bin;
USERNAME=Kush
OS=Windows_NT
PROCESSOR_IDENTIFIER=Intel64 Family 6 Model 142 Stepping 10, GenuineIntel



---------------  S Y S T E M  ---------------

OS: Windows 10.0 , 64 bit Build 18362 (10.0.18362.1500)

CPU:total 4 (initial active 4) (2 cores per cpu, 2 threads per core) family 6 model 142 stepping 10, cmov, cx8, fxsr, mmx, sse, sse2, sse3, ssse3, sse4.1, sse4.2, popcnt, avx, avx2, aes, clmul, erms, 3dnowpref, lzcnt, ht, tsc, tscinvbit, bmi1, bmi2, adx

Memory: 4k page, physical 4074552k(365160k free), swap 10366008k(200k free)

vm_info: OpenJDK 64-Bit Server VM (25.152-b01) for windows-amd64 JRE (1.8.0_152-release-1343-b01), built by "builder" with MS VC++ 10.0 (VS2010)

time: Sun Sep 26 19:11:09 2021
elapsed time: 37 seconds (0d 0h 0m 37s)

